[debug] [2025-02-12T10:25:08.821Z] ----------------------------------------------------------------------
[debug] [2025-02-12T10:25:08.823Z] Command:       C:\Program Files\nodejs\node.exe C:\Program Files\nodejs\node_modules\firebase-tools\lib\bin\firebase.js emulators:start --only functions,auth
[debug] [2025-02-12T10:25:08.823Z] CLI Version:   13.30.0
[debug] [2025-02-12T10:25:08.824Z] Platform:      win32
[debug] [2025-02-12T10:25:08.824Z] Node Version:  v23.7.0
[debug] [2025-02-12T10:25:08.824Z] Time:          Wed Feb 12 2025 17:25:08 GMT+0700 (Western Indonesia Time)
[debug] [2025-02-12T10:25:08.824Z] ----------------------------------------------------------------------
[debug] 
[debug] [2025-02-12T10:25:09.015Z] > command requires scopes: ["email","openid","https://www.googleapis.com/auth/cloudplatformprojects.readonly","https://www.googleapis.com/auth/firebase","https://www.googleapis.com/auth/cloud-platform"]
[debug] [2025-02-12T10:25:09.016Z] > authorizing via signed-in user (danarrizki9@gmail.com)
[info] i  emulators: Starting emulators: auth, functions {"metadata":{"emulator":{"name":"hub"},"message":"Starting emulators: auth, functions"}}
[debug] [2025-02-12T10:25:09.028Z] [logging] Logging Emulator only supports listening on one address (127.0.0.1). Not listening on ::1
[debug] [2025-02-12T10:25:09.028Z] [auth] Authentication Emulator only supports listening on one address (127.0.0.1). Not listening on ::1
[debug] [2025-02-12T10:25:09.029Z] assigned listening specs for emulators {"user":{"hub":[{"address":"127.0.0.1","family":"IPv4","port":4400},{"address":"::1","family":"IPv6","port":4400}],"ui":[{"address":"127.0.0.1","family":"IPv4","port":4000},{"address":"::1","family":"IPv6","port":4000}],"logging":[{"address":"127.0.0.1","family":"IPv4","port":4500}],"auth":[{"address":"127.0.0.1","family":"IPv4","port":9099}]},"metadata":{"message":"assigned listening specs for emulators"}}
[debug] [2025-02-12T10:25:09.033Z] [hub] writing locator at C:\Users\D-WORK\AppData\Local\Temp\hub-account-122eb.json
[debug] [2025-02-12T10:25:09.052Z] [functions] Functions Emulator only supports listening on one address (127.0.0.1). Not listening on ::1
[debug] [2025-02-12T10:25:09.052Z] [eventarc] Eventarc Emulator only supports listening on one address (127.0.0.1). Not listening on ::1
[debug] [2025-02-12T10:25:09.052Z] [tasks] Cloud Tasks Emulator only supports listening on one address (127.0.0.1). Not listening on ::1
[debug] [2025-02-12T10:25:09.053Z] late-assigned ports for functions and eventarc emulators {"user":{"hub":[{"address":"127.0.0.1","family":"IPv4","port":4400},{"address":"::1","family":"IPv6","port":4400}],"ui":[{"address":"127.0.0.1","family":"IPv4","port":4000},{"address":"::1","family":"IPv6","port":4000}],"logging":[{"address":"127.0.0.1","family":"IPv4","port":4500}],"auth":[{"address":"127.0.0.1","family":"IPv4","port":9099}],"functions":[{"address":"127.0.0.1","family":"IPv4","port":5001}],"eventarc":[{"address":"127.0.0.1","family":"IPv4","port":9299}],"tasks":[{"address":"127.0.0.1","family":"IPv4","port":9499}]},"metadata":{"message":"late-assigned ports for functions and eventarc emulators"}}
[warn] !  functions: The following emulators are not running, calls to these services from the Functions emulator will affect production: apphosting, firestore, database, hosting, pubsub, storage, dataconnect {"metadata":{"emulator":{"name":"functions"},"message":"The following emulators are not running, calls to these services from the Functions emulator will affect production: \u001b[1mapphosting, firestore, database, hosting, pubsub, storage, dataconnect\u001b[22m"}}
[debug] [2025-02-12T10:25:09.057Z] defaultcredentials: writing to file C:\Users\D-WORK\AppData\Roaming\firebase\danarrizki9_gmail_com_application_default_credentials.json
[debug] [2025-02-12T10:25:09.059Z] Setting GAC to C:\Users\D-WORK\AppData\Roaming\firebase\danarrizki9_gmail_com_application_default_credentials.json {"metadata":{"emulator":{"name":"functions"},"message":"Setting GAC to C:\\Users\\D-WORK\\AppData\\Roaming\\firebase\\danarrizki9_gmail_com_application_default_credentials.json"}}
[debug] [2025-02-12T10:25:09.060Z] Checked if tokens are valid: true, expires at: 1739357231518
[debug] [2025-02-12T10:25:09.060Z] Checked if tokens are valid: true, expires at: 1739357231518
[debug] [2025-02-12T10:25:09.061Z] >>> [apiv2][query] GET https://firebase.googleapis.com/v1beta1/projects/account-122eb/adminSdkConfig [none]
[debug] [2025-02-12T10:25:10.196Z] <<< [apiv2][status] GET https://firebase.googleapis.com/v1beta1/projects/account-122eb/adminSdkConfig 200
[debug] [2025-02-12T10:25:10.196Z] <<< [apiv2][body] GET https://firebase.googleapis.com/v1beta1/projects/account-122eb/adminSdkConfig {"projectId":"account-122eb","databaseURL":"https://account-122eb-default-rtdb.firebaseio.com","storageBucket":"account-122eb.firebasestorage.app"}
[info] i  functions: Watching "D:\mine\fullstack-turborepo\apps\backend-repo" for Cloud Functions... {"metadata":{"emulator":{"name":"functions"},"message":"Watching \"D:\\mine\\fullstack-turborepo\\apps\\backend-repo\" for Cloud Functions..."}}
[debug] [2025-02-12T10:25:14.754Z] Validating nodejs source
[debug] [2025-02-12T10:25:15.575Z] > [functions] package.json contents: {
  "name": "backend-repo",
  "version": "1.0.0",
  "main": "dist/index.js",
  "scripts": {
    "test": "echo \"Error: no test specified\" && exit 1",
    "dev": "nodemon",
    "build": "tsc",
    "build:watch": "tsc --watch",
    "serve": "npm run build && firebase emulators:start --only functions,auth ",
    "shell": "npm run build && firebase functions:shell",
    "start": "npm run shell"
  },
  "keywords": [],
  "author": "",
  "license": "ISC",
  "description": "",
  "devDependencies": {
    "@types/cors": "^2.8.17",
    "@types/express": "^5.0.0",
    "@types/node": "^22.13.1",
    "@typescript-eslint/eslint-plugin": "^8.23.0",
    "@typescript-eslint/parser": "^8.23.0",
    "dotenv": "^16.4.7",
    "eslint": "^9.20.0",
    "eslint-config-prettier": "^10.0.1",
    "eslint-plugin-prettier": "^5.2.3",
    "nodemon": "^3.1.9",
    "typescript": "^5.7.3"
  },
  "dependencies": {
    "@repo/interfaces": "*",
    "cors": "^2.8.5",
    "express": "^4.21.2",
    "firebase-admin": "^13.1.0",
    "firebase-functions": "^6.3.1"
  },
  "engines": {
    "node": "22"
  }
}
[debug] [2025-02-12T10:25:15.576Z] Building nodejs source
[debug] [2025-02-12T10:25:15.576Z] Failed to find version of module node: reached end of search path D:\mine\fullstack-turborepo\apps\backend-repo\node_modules
[warn] !  functions: Your requested "node" version "22" doesn't match your global version "23". Using node@23 from host. 
[debug] [2025-02-12T10:25:15.578Z] Could not find functions.yaml. Must use http discovery
[debug] [2025-02-12T10:25:15.583Z] Found firebase-functions binary at 'D:\mine\fullstack-turborepo\node_modules\.bin\firebase-functions'
[info] Serving at port 8265

[debug] [2025-02-12T10:25:20.943Z] Got response from /__/functions.yaml {"endpoints":{"helloWorld":{"availableMemoryMb":null,"timeoutSeconds":null,"minInstances":null,"maxInstances":null,"ingressSettings":null,"concurrency":null,"serviceAccountEmail":null,"vpc":null,"platform":"gcfv2","labels":{},"httpsTrigger":{},"entryPoint":"helloWorld"}},"specVersion":"v1alpha1","requiredAPIs":[],"extensions":{}}
[info] +  functions: Loaded functions definitions from source: helloWorld. {"metadata":{"emulator":{"name":"functions"},"message":"Loaded functions definitions from source: helloWorld."}}
[info] +  functions[us-central1-helloWorld]: http function initialized (http://127.0.0.1:5001/account-122eb/us-central1/helloWorld). {"metadata":{"emulator":{"name":"functions"},"message":"\u001b[1mhttp\u001b[22m function initialized (http://127.0.0.1:5001/account-122eb/us-central1/helloWorld)."}}
[debug] [2025-02-12T10:25:24.981Z] Could not find VSCode notification endpoint: FetchError: request to http://localhost:40001/vscode/notify failed, reason: . If you are not running the Firebase Data Connect VSCode extension, this is expected and not an issue.
[info] 
┌─────────────────────────────────────────────────────────────┐
│ ✔  All emulators ready! It is now safe to connect your app. │
│ i  View Emulator UI at http://127.0.0.1:4000/               │
└─────────────────────────────────────────────────────────────┘

┌────────────────┬────────────────┬─────────────────────────────────┐
│ Emulator       │ Host:Port      │ View in Emulator UI             │
├────────────────┼────────────────┼─────────────────────────────────┤
│ Authentication │ 127.0.0.1:9099 │ http://127.0.0.1:4000/auth      │
├────────────────┼────────────────┼─────────────────────────────────┤
│ Functions      │ 127.0.0.1:5001 │ http://127.0.0.1:4000/functions │
└────────────────┴────────────────┴─────────────────────────────────┘
  Emulator Hub running at 127.0.0.1:4400
  Other reserved ports: 4500

Issues? Report them at https://github.com/firebase/firebase-tools/issues and attach the *-debug.log files.
 
[debug] [2025-02-12T10:25:55.840Z] [work-queue] {"queuedWork":["/account-122eb/us-central1/helloWorld-2025-02-12T10:25:55.840Z"],"queueLength":1,"runningWork":[],"workRunningCount":0}
[debug] [2025-02-12T10:25:55.841Z] [work-queue] {"queuedWork":[],"queueLength":0,"runningWork":["/account-122eb/us-central1/helloWorld-2025-02-12T10:25:55.840Z"],"workRunningCount":1}
[debug] [2025-02-12T10:25:55.841Z] Accepted request GET /account-122eb/us-central1/helloWorld --> us-central1-helloWorld
[debug] [2025-02-12T10:25:55.844Z] [functions] Runtime ready! Sending request! {"metadata":{"emulator":{"name":"functions"},"message":"[functions] Runtime ready! Sending request!"}}
[debug] [2025-02-12T10:25:55.844Z] [functions] Got req.url=/account-122eb/us-central1/helloWorld, mapping to path=/ {"metadata":{"emulator":{"name":"functions"},"message":"[functions] Got req.url=/account-122eb/us-central1/helloWorld, mapping to path=/"}}
[debug] [2025-02-12T10:25:55.858Z] [worker-pool] addWorker(us-central1-helloWorld) {"metadata":{"emulator":{"name":"functions"},"message":"[worker-pool] addWorker(us-central1-helloWorld)"}}
[debug] [2025-02-12T10:25:55.859Z] [worker-pool] Adding worker with key us-central1-helloWorld, total=1 {"metadata":{"emulator":{"name":"functions"},"message":"[worker-pool] Adding worker with key us-central1-helloWorld, total=1"}}
[debug] [2025-02-12T10:25:57.170Z] [runtime-status] [17804] Resolved module firebase-admin {"declared":true,"installed":true,"version":"13.1.0","resolution":"D:\\mine\\fullstack-turborepo\\node_modules\\firebase-admin\\lib\\index.js"} {"metadata":{"emulator":{"name":"functions"},"function":{"name":"us-central1-helloWorld"},"extension":{},"message":"[runtime-status] [17804] Resolved module firebase-admin {\"declared\":true,\"installed\":true,\"version\":\"13.1.0\",\"resolution\":\"D:\\\\mine\\\\fullstack-turborepo\\\\node_modules\\\\firebase-admin\\\\lib\\\\index.js\"}"}}
[debug] [2025-02-12T10:25:57.172Z] [runtime-status] [17804] Resolved module firebase-functions {"declared":true,"installed":true,"version":"6.3.1","resolution":"D:\\mine\\fullstack-turborepo\\node_modules\\firebase-functions\\lib\\v2\\index.js"} {"metadata":{"emulator":{"name":"functions"},"function":{"name":"us-central1-helloWorld"},"extension":{},"message":"[runtime-status] [17804] Resolved module firebase-functions {\"declared\":true,\"installed\":true,\"version\":\"6.3.1\",\"resolution\":\"D:\\\\mine\\\\fullstack-turborepo\\\\node_modules\\\\firebase-functions\\\\lib\\\\v2\\\\index.js\"}"}}
[debug] [2025-02-12T10:25:57.173Z] [runtime-status] [17804] Outgoing network have been stubbed. [{"name":"http","status":"mocked"},{"name":"http","status":"mocked"},{"name":"https","status":"mocked"},{"name":"https","status":"mocked"},{"name":"net","status":"mocked"}] {"metadata":{"emulator":{"name":"functions"},"function":{"name":"us-central1-helloWorld"},"extension":{},"message":"[runtime-status] [17804] Outgoing network have been stubbed. [{\"name\":\"http\",\"status\":\"mocked\"},{\"name\":\"http\",\"status\":\"mocked\"},{\"name\":\"https\",\"status\":\"mocked\"},{\"name\":\"https\",\"status\":\"mocked\"},{\"name\":\"net\",\"status\":\"mocked\"}]"}}
[debug] [2025-02-12T10:25:57.173Z] [runtime-status] [17804] Resolved module firebase-functions {"declared":true,"installed":true,"version":"6.3.1","resolution":"D:\\mine\\fullstack-turborepo\\node_modules\\firebase-functions\\lib\\v2\\index.js"} {"metadata":{"emulator":{"name":"functions"},"function":{"name":"us-central1-helloWorld"},"extension":{},"message":"[runtime-status] [17804] Resolved module firebase-functions {\"declared\":true,\"installed\":true,\"version\":\"6.3.1\",\"resolution\":\"D:\\\\mine\\\\fullstack-turborepo\\\\node_modules\\\\firebase-functions\\\\lib\\\\v2\\\\index.js\"}"}}
[debug] [2025-02-12T10:25:59.579Z] [runtime-status] [17804] Checked functions.config() {"config":{}} {"metadata":{"emulator":{"name":"functions"},"function":{"name":"us-central1-helloWorld"},"extension":{},"message":"[runtime-status] [17804] Checked functions.config() {\"config\":{}}"}}
[debug] [2025-02-12T10:25:59.579Z] [runtime-status] [17804] firebase-functions has been stubbed. {"functionsResolution":{"declared":true,"installed":true,"version":"6.3.1","resolution":"D:\\mine\\fullstack-turborepo\\node_modules\\firebase-functions\\lib\\v2\\index.js"}} {"metadata":{"emulator":{"name":"functions"},"function":{"name":"us-central1-helloWorld"},"extension":{},"message":"[runtime-status] [17804] firebase-functions has been stubbed. {\"functionsResolution\":{\"declared\":true,\"installed\":true,\"version\":\"6.3.1\",\"resolution\":\"D:\\\\mine\\\\fullstack-turborepo\\\\node_modules\\\\firebase-functions\\\\lib\\\\v2\\\\index.js\"}}"}}
[debug] [2025-02-12T10:25:59.580Z] [runtime-status] [17804] Resolved module firebase-functions {"declared":true,"installed":true,"version":"6.3.1","resolution":"D:\\mine\\fullstack-turborepo\\node_modules\\firebase-functions\\lib\\v2\\index.js"} {"metadata":{"emulator":{"name":"functions"},"function":{"name":"us-central1-helloWorld"},"extension":{},"message":"[runtime-status] [17804] Resolved module firebase-functions {\"declared\":true,\"installed\":true,\"version\":\"6.3.1\",\"resolution\":\"D:\\\\mine\\\\fullstack-turborepo\\\\node_modules\\\\firebase-functions\\\\lib\\\\v2\\\\index.js\"}"}}
[debug] [2025-02-12T10:25:59.626Z] [runtime-status] [17804] Resolved module firebase-admin {"declared":true,"installed":true,"version":"13.1.0","resolution":"D:\\mine\\fullstack-turborepo\\node_modules\\firebase-admin\\lib\\index.js"} {"metadata":{"emulator":{"name":"functions"},"function":{"name":"us-central1-helloWorld"},"extension":{},"message":"[runtime-status] [17804] Resolved module firebase-admin {\"declared\":true,\"installed\":true,\"version\":\"13.1.0\",\"resolution\":\"D:\\\\mine\\\\fullstack-turborepo\\\\node_modules\\\\firebase-admin\\\\lib\\\\index.js\"}"}}
[debug] [2025-02-12T10:25:59.658Z] [runtime-status] [17804] Resolved module firebase-functions {"declared":true,"installed":true,"version":"6.3.1","resolution":"D:\\mine\\fullstack-turborepo\\node_modules\\firebase-functions\\lib\\v2\\index.js"} {"metadata":{"emulator":{"name":"functions"},"function":{"name":"us-central1-helloWorld"},"extension":{},"message":"[runtime-status] [17804] Resolved module firebase-functions {\"declared\":true,\"installed\":true,\"version\":\"6.3.1\",\"resolution\":\"D:\\\\mine\\\\fullstack-turborepo\\\\node_modules\\\\firebase-functions\\\\lib\\\\v2\\\\index.js\"}"}}
[debug] [2025-02-12T10:25:59.659Z] [runtime-status] [17804] firebase-admin has been stubbed. {"adminResolution":{"declared":true,"installed":true,"version":"13.1.0","resolution":"D:\\mine\\fullstack-turborepo\\node_modules\\firebase-admin\\lib\\index.js"}} {"metadata":{"emulator":{"name":"functions"},"function":{"name":"us-central1-helloWorld"},"extension":{},"message":"[runtime-status] [17804] firebase-admin has been stubbed. {\"adminResolution\":{\"declared\":true,\"installed\":true,\"version\":\"13.1.0\",\"resolution\":\"D:\\\\mine\\\\fullstack-turborepo\\\\node_modules\\\\firebase-admin\\\\lib\\\\index.js\"}}"}}
[debug] [2025-02-12T10:25:59.664Z] [runtime-status] [17804] Functions runtime initialized. {"cwd":"D:\\mine\\fullstack-turborepo\\apps\\backend-repo","node_version":"23.7.0"} {"metadata":{"emulator":{"name":"functions"},"function":{"name":"us-central1-helloWorld"},"extension":{},"message":"[runtime-status] [17804] Functions runtime initialized. {\"cwd\":\"D:\\\\mine\\\\fullstack-turborepo\\\\apps\\\\backend-repo\",\"node_version\":\"23.7.0\"}"}}
[debug] [2025-02-12T10:25:59.664Z] [runtime-status] [17804] Listening to port: \\?\pipe\fire_emu_e7e35f60d75f5acd {"metadata":{"emulator":{"name":"functions"},"function":{"name":"us-central1-helloWorld"},"extension":{},"message":"[runtime-status] [17804] Listening to port: \\\\?\\pipe\\fire_emu_e7e35f60d75f5acd"}}
[debug] [2025-02-12T10:25:59.690Z] [worker-us-central1-helloWorld-e89237fb-985b-4735-86ea-82a6f645a247]: IDLE {"metadata":{"emulator":{"name":"functions"},"function":{"name":"us-central1-helloWorld"},"extension":{},"message":"[worker-us-central1-helloWorld-e89237fb-985b-4735-86ea-82a6f645a247]: IDLE"}}
[debug] [2025-02-12T10:25:59.690Z] [worker-pool] submitRequest(triggerId=us-central1-helloWorld) {"metadata":{"emulator":{"name":"functions"},"message":"[worker-pool] submitRequest(triggerId=us-central1-helloWorld)"}}
[info] i  functions: Beginning execution of "us-central1-helloWorld" {"metadata":{"emulator":{"name":"functions"},"function":{"name":"us-central1-helloWorld"},"extension":{},"message":"Beginning execution of \"us-central1-helloWorld\""}}
[debug] [2025-02-12T10:25:59.691Z] [worker-us-central1-helloWorld-e89237fb-985b-4735-86ea-82a6f645a247]: BUSY {"metadata":{"emulator":{"name":"functions"},"function":{"name":"us-central1-helloWorld"},"extension":{},"message":"[worker-us-central1-helloWorld-e89237fb-985b-4735-86ea-82a6f645a247]: BUSY"}}
[info] >  {"structuredData":true,"severity":"INFO","message":"Hello logs!"} {"user":{"structuredData":true,"severity":"INFO","message":"Hello logs!"},"metadata":{"emulator":{"name":"functions"},"function":{"name":"us-central1-helloWorld"},"extension":{},"message":"\u001b[90m> \u001b[39m {\"structuredData\":true,\"severity\":\"INFO\",\"message\":\"Hello logs!\"}"}}
[debug] [2025-02-12T10:25:59.696Z] Finishing up request with event=pause {"metadata":{"emulator":{"name":"functions"},"function":{"name":"us-central1-helloWorld"},"extension":{},"message":"Finishing up request with event=pause"}}
[info] i  functions: Finished "us-central1-helloWorld" in 5.3553ms {"metadata":{"emulator":{"name":"functions"},"function":{"name":"us-central1-helloWorld"},"extension":{},"message":"Finished \"us-central1-helloWorld\" in 5.3553ms"}}
[debug] [2025-02-12T10:25:59.697Z] [worker-us-central1-helloWorld-e89237fb-985b-4735-86ea-82a6f645a247]: IDLE {"metadata":{"emulator":{"name":"functions"},"function":{"name":"us-central1-helloWorld"},"extension":{},"message":"[worker-us-central1-helloWorld-e89237fb-985b-4735-86ea-82a6f645a247]: IDLE"}}
[debug] [2025-02-12T10:25:59.697Z] Finishing up request with event=finish {"metadata":{"emulator":{"name":"functions"},"function":{"name":"us-central1-helloWorld"},"extension":{},"message":"Finishing up request with event=finish"}}
[debug] [2025-02-12T10:25:59.697Z] Finishing up request with event=close {"metadata":{"emulator":{"name":"functions"},"function":{"name":"us-central1-helloWorld"},"extension":{},"message":"Finishing up request with event=close"}}
[debug] [2025-02-12T10:25:59.698Z] [work-queue] {"queuedWork":[],"queueLength":0,"runningWork":[],"workRunningCount":0}
